<?xml version="1.0" encoding="UTF-8"?>
<!-- Generated by org.testng.reporters.JUnitReportReporter -->
<testsuite skipped="0" hostname="charanRaji" name="org.sample2.TestNg01" tests="1" failures="0" timestamp="27 Dec 2020 12:48:27 GMT" time="1.783" errors="0">
  <testcase name="userName" time="1.783" classname="org.sample2.TestNg01"/>
</testsuite> <!-- org.sample2.TestNg01 -->
