<?xml version="1.0" encoding="UTF-8"?>
<!-- Generated by org.testng.reporters.JUnitReportReporter -->
<testsuite skipped="0" hostname="charanRaji" name="org.task.TestNg03" tests="1" failures="0" timestamp="19 Jan 2021 12:15:08 GMT" time="4.745" errors="0">
  <testcase name="tc1" time="4.745" classname="org.task.TestNg03"/>
</testsuite> <!-- org.task.TestNg03 -->
