<?xml version="1.0" encoding="UTF-8"?>
<!-- Generated by org.testng.reporters.JUnitReportReporter -->
<testsuite skipped="0" hostname="charanRaji" name="org.task.TestNg008" tests="1" failures="0" timestamp="20 Jan 2021 12:22:56 GMT" time="5.247" errors="0">
  <testcase name="tc1" time="5.247" classname="org.task.TestNg008"/>
</testsuite> <!-- org.task.TestNg008 -->
