<?xml version="1.0" encoding="UTF-8"?>
<!-- Generated by org.testng.reporters.JUnitReportReporter -->
<testsuite skipped="0" hostname="charanRaji" name="org.sample2.TestNgSample" tests="3" failures="0" timestamp="28 Dec 2020 04:35:27 GMT" time="0.008" errors="0">
  <testcase name="tc1" time="0.008" classname="org.sample2.TestNgSample"/>
  <testcase name="tc3" time="0.000" classname="org.sample2.TestNgSample"/>
  <testcase name="tc2" time="0.000" classname="org.sample2.TestNgSample"/>
</testsuite> <!-- org.sample2.TestNgSample -->
