<?xml version="1.0" encoding="UTF-8"?>
<!-- Generated by org.testng.reporters.JUnitReportReporter -->
<testsuite skipped="0" hostname="charanRaji" name="org.task.TestNg05" tests="1" failures="0" timestamp="19 Jan 2021 13:24:57 GMT" time="4.892" errors="0">
  <testcase name="tc1" time="4.892" classname="org.task.TestNg05"/>
</testsuite> <!-- org.task.TestNg05 -->
