<?xml version="1.0" encoding="UTF-8"?>
<!-- Generated by org.testng.reporters.JUnitReportReporter -->
<testsuite skipped="0" hostname="charanRaji" name="org.task.TestNg08" tests="1" failures="0" timestamp="20 Jan 2021 12:23:32 GMT" time="3.733" errors="0">
  <testcase name="tc1" time="3.733" classname="org.task.TestNg08"/>
</testsuite> <!-- org.task.TestNg08 -->
