<?xml version="1.0" encoding="UTF-8"?>
<!-- Generated by org.testng.reporters.JUnitReportReporter -->
<testsuite skipped="0" hostname="charanRaji" name="org.task.TestNg12" tests="11" failures="0" timestamp="20 Jan 2021 14:49:03 GMT" time="13.393" errors="0">
  <testcase name="tc0" time="6.487" classname="org.task.TestNg12"/>
  <testcase name="tc1" time="5.037" classname="org.task.TestNg12"/>
  <testcase name="tc2" time="0.809" classname="org.task.TestNg12"/>
  <testcase name="tc3" time="0.161" classname="org.task.TestNg12"/>
  <testcase name="tc4" time="0.159" classname="org.task.TestNg12"/>
  <testcase name="tc5" time="0.082" classname="org.task.TestNg12"/>
  <testcase name="tc6" time="0.171" classname="org.task.TestNg12"/>
  <testcase name="tc7" time="0.109" classname="org.task.TestNg12"/>
  <testcase name="tc10" time="0.078" classname="org.task.TestNg12"/>
  <testcase name="tc11" time="0.192" classname="org.task.TestNg12"/>
  <testcase name="tc12" time="0.108" classname="org.task.TestNg12"/>
</testsuite> <!-- org.task.TestNg12 -->
