<?xml version="1.0" encoding="UTF-8"?>
<!-- Generated by org.testng.reporters.JUnitReportReporter -->
<testsuite skipped="0" hostname="charanRaji" name="org.task.TestNg04" tests="1" failures="0" timestamp="20 Jan 2021 10:53:53 GMT" time="3.851" errors="0">
  <testcase name="tc1" time="3.851" classname="org.task.TestNg04"/>
</testsuite> <!-- org.task.TestNg04 -->
