<?xml version="1.0" encoding="UTF-8"?>
<!-- Generated by org.testng.reporters.JUnitReportReporter -->
<testsuite skipped="0" hostname="charanRaji" name="org.task.TestNgTask$Junit01" tests="3" failures="0" timestamp="19 Jan 2021 11:45:24 GMT" time="65.700" errors="0">
  <testcase name="tc3" time="32.291" classname="org.task.TestNgTask$Junit01"/>
  <testcase name="tc1" time="5.784" classname="org.task.TestNgTask$Junit01"/>
  <testcase name="tc2" time="27.625" classname="org.task.TestNgTask$Junit01"/>
</testsuite> <!-- org.task.TestNgTask$Junit01 -->
