<?xml version="1.0" encoding="UTF-8"?>
<!-- Generated by org.testng.reporters.JUnitReportReporter -->
<testsuite skipped="0" hostname="charanRaji" name="org.task.TestNg06" tests="3" failures="0" timestamp="19 Jan 2021 14:04:05 GMT" time="12.945" errors="0">
  <testcase name="tc1" time="3.322" classname="org.task.TestNg06"/>
  <testcase name="tc1" time="5.459" classname="org.task.TestNg06"/>
  <testcase name="tc1" time="4.164" classname="org.task.TestNg06"/>
</testsuite> <!-- org.task.TestNg06 -->
