<?xml version="1.0" encoding="UTF-8"?>
<!-- Generated by org.testng.reporters.JUnitReportReporter -->
<testsuite skipped="0" hostname="charanRaji" name="org.task.TestNg11" tests="1" failures="0" timestamp="20 Jan 2021 14:20:45 GMT" time="3.290" errors="0">
  <testcase name="tc1" time="3.290" classname="org.task.TestNg11"/>
</testsuite> <!-- org.task.TestNg11 -->
